<?xml version="1.0" encoding="UTF-8" ?>
<testsuite failures="0" time="4.334" errors="0" skipped="0" tests="1" name="com.hirisun.modules.resource.dao.StudentDaoTest">
  <properties>
    <property name="java.runtime.name" value="Java(TM) SE Runtime Environment"/>
    <property name="sun.boot.library.path" value="/home/mm/soft/jdk1.6.0_29/jre/lib/i386"/>
    <property name="java.vm.version" value="20.4-b01"/>
    <property name="java.vm.vendor" value="Sun Microsystems Inc."/>
    <property name="java.vendor.url" value="http://java.sun.com/"/>
    <property name="path.separator" value=":"/>
    <property name="java.vm.name" value="Java HotSpot(TM) Server VM"/>
    <property name="file.encoding.pkg" value="sun.io"/>
    <property name="user.country" value="CN"/>
    <property name="sun.java.launcher" value="SUN_STANDARD"/>
    <property name="sun.os.patch.level" value="unknown"/>
    <property name="java.vm.specification.name" value="Java Virtual Machine Specification"/>
    <property name="user.dir" value="/home/mm/Workspaces/sts_workspace/lsqt"/>
    <property name="java.runtime.version" value="1.6.0_29-ea-b08"/>
    <property name="java.awt.graphicsenv" value="sun.awt.X11GraphicsEnvironment"/>
    <property name="basedir" value="/home/mm/Workspaces/sts_workspace/lsqt"/>
    <property name="java.endorsed.dirs" value="/home/mm/soft/jdk1.6.0_29/jre/lib/endorsed"/>
    <property name="os.arch" value="i386"/>
    <property name="surefire.real.class.path" value="/home/mm/Workspaces/sts_workspace/lsqt/target/surefire/surefirebooter4016267215463624205.jar"/>
    <property name="java.io.tmpdir" value="/tmp"/>
    <property name="line.separator" value="
"/>
    <property name="java.vm.specification.vendor" value="Sun Microsystems Inc."/>
    <property name="os.name" value="Linux"/>
    <property name="sun.jnu.encoding" value="UTF-8"/>
    <property name="java.library.path" value="/home/mm/soft/jdk1.6.0_29/jre/lib/i386/server:/home/mm/soft/jdk1.6.0_29/jre/lib/i386:/home/mm/soft/jdk1.6.0_29/jre/../lib/i386:/usr/java/packages/lib/i386:/lib:/usr/lib"/>
    <property name="surefire.test.class.path" value="/home/mm/Workspaces/sts_workspace/lsqt/target/test-classes:/home/mm/Workspaces/sts_workspace/lsqt/target/classes:/home/mm/.m2/repository/org/apache/velocity/velocity/1.7/velocity-1.7.jar:/home/mm/.m2/repository/commons-collections/commons-collections/3.2.1/commons-collections-3.2.1.jar:/home/mm/.m2/repository/velocity-tools/velocity-tools/1.4/velocity-tools-1.4.jar:/home/mm/.m2/repository/opensymphony/oscache/2.4.1/oscache-2.4.1.jar:/home/mm/.m2/repository/commons-logging/commons-logging/1.1/commons-logging-1.1.jar:/home/mm/.m2/repository/logkit/logkit/1.0.1/logkit-1.0.1.jar:/home/mm/.m2/repository/avalon-framework/avalon-framework/4.1.3/avalon-framework-4.1.3.jar:/home/mm/.m2/repository/javax/jms/jms/1.1/jms-1.1.jar:/home/mm/.m2/repository/javax/servlet/servlet-api/2.3/servlet-api-2.3.jar:/home/mm/.m2/repository/org/springframework/spring-core/3.0.3.RELEASE/spring-core-3.0.3.RELEASE.jar:/home/mm/.m2/repository/org/springframework/spring-beans/3.0.3.RELEASE/spring-beans-3.0.3.RELEASE.jar:/home/mm/.m2/repository/org/springframework/spring-context/3.0.3.RELEASE/spring-context-3.0.3.RELEASE.jar:/home/mm/.m2/repository/org/springframework/spring-aop/3.0.3.RELEASE/spring-aop-3.0.3.RELEASE.jar:/home/mm/.m2/repository/org/springframework/spring-expression/3.0.3.RELEASE/spring-expression-3.0.3.RELEASE.jar:/home/mm/.m2/repository/org/springframework/spring-context-support/3.0.3.RELEASE/spring-context-support-3.0.3.RELEASE.jar:/home/mm/.m2/repository/org/springframework/spring-orm/3.0.3.RELEASE/spring-orm-3.0.3.RELEASE.jar:/home/mm/.m2/repository/org/springframework/spring-jdbc/3.0.3.RELEASE/spring-jdbc-3.0.3.RELEASE.jar:/home/mm/.m2/repository/org/springframework/spring-tx/3.0.3.RELEASE/spring-tx-3.0.3.RELEASE.jar:/home/mm/.m2/repository/org/springframework/spring-web/3.0.3.RELEASE/spring-web-3.0.3.RELEASE.jar:/home/mm/.m2/repository/aopalliance/aopalliance/1.0/aopalliance-1.0.jar:/home/mm/.m2/repository/org/springframework/spring-webmvc/3.0.3.RELEASE/spring-webmvc-3.0.3.RELEASE.jar:/home/mm/.m2/repository/org/springframework/spring-asm/3.0.3.RELEASE/spring-asm-3.0.3.RELEASE.jar:/home/mm/.m2/repository/org/hibernate/hibernate-core/3.3.2.GA/hibernate-core-3.3.2.GA.jar:/home/mm/.m2/repository/antlr/antlr/2.7.6/antlr-2.7.6.jar:/home/mm/.m2/repository/dom4j/dom4j/1.6.1/dom4j-1.6.1.jar:/home/mm/.m2/repository/xml-apis/xml-apis/1.0.b2/xml-apis-1.0.b2.jar:/home/mm/.m2/repository/javax/transaction/jta/1.1/jta-1.1.jar:/home/mm/.m2/repository/org/hibernate/hibernate-annotations/3.4.0.GA/hibernate-annotations-3.4.0.GA.jar:/home/mm/.m2/repository/org/hibernate/hibernate-commons-annotations/3.1.0.GA/hibernate-commons-annotations-3.1.0.GA.jar:/home/mm/.m2/repository/org/hibernate/ejb3-persistence/1.0.2.GA/ejb3-persistence-1.0.2.GA.jar:/home/mm/.m2/repository/commons-dbutils/commons-dbutils/1.4/commons-dbutils-1.4.jar:/home/mm/.m2/repository/org/apache/wicket/wicket-core/1.5.5/wicket-core-1.5.5.jar:/home/mm/.m2/repository/org/apache/wicket/wicket-util/1.5.5/wicket-util-1.5.5.jar:/home/mm/.m2/repository/org/apache/wicket/wicket-request/1.5.5/wicket-request-1.5.5.jar:/home/mm/.m2/repository/org/apache/wicket/wicket-spring/1.5.5/wicket-spring-1.5.5.jar:/home/mm/.m2/repository/org/apache/wicket/wicket-ioc/1.5.5/wicket-ioc-1.5.5.jar:/home/mm/.m2/repository/cglib/cglib/2.2/cglib-2.2.jar:/home/mm/.m2/repository/asm/asm/3.1/asm-3.1.jar:/home/mm/.m2/repository/org/apache/wicket/wicket-extensions/1.5.5/wicket-extensions-1.5.5.jar:/home/mm/.m2/repository/org/apache/wicket/wicket-datetime/1.5.3/wicket-datetime-1.5.3.jar:/home/mm/.m2/repository/joda-time/joda-time/1.6.2/joda-time-1.6.2.jar:/home/mm/.m2/repository/c3p0/c3p0/0.9.1.2/c3p0-0.9.1.2.jar:/home/mm/.m2/repository/commons-beanutils/commons-beanutils/1.7.0/commons-beanutils-1.7.0.jar:/home/mm/.m2/repository/commons-lang/commons-lang/2.6/commons-lang-2.6.jar:/home/mm/.m2/repository/commons-fileupload/commons-fileupload/1.2.1/commons-fileupload-1.2.1.jar:/home/mm/.m2/repository/org/slf4j/slf4j-log4j12/1.6.2/slf4j-log4j12-1.6.2.jar:/home/mm/.m2/repository/log4j/log4j/1.2.16/log4j-1.2.16.jar:/home/mm/.m2/repository/org/slf4j/slf4j-api/1.6.4/slf4j-api-1.6.4.jar:/home/mm/.m2/repository/javassist/javassist/3.4.GA/javassist-3.4.GA.jar:/home/mm/.m2/repository/mysql/mysql-connector-java/5.1.18/mysql-connector-java-5.1.18.jar:/home/mm/.m2/repository/org/hsqldb/hsqldb/2.2.4/hsqldb-2.2.4.jar:/home/mm/.m2/repository/junit/junit/4.8/junit-4.8.jar:/home/mm/.m2/repository/org/easymock/easymock/2.0/easymock-2.0.jar:/home/mm/.m2/repository/com/hirisun/components/components-dao/0.0.1-SNAPSHOT/components-dao-0.0.1-SNAPSHOT.jar:/home/mm/.m2/repository/log4j/apache-log4j-extras/1.1/apache-log4j-extras-1.1.jar:"/>
    <property name="java.specification.name" value="Java Platform API Specification"/>
    <property name="java.class.version" value="50.0"/>
    <property name="sun.management.compiler" value="HotSpot Tiered Compilers"/>
    <property name="os.version" value="2.6.32-41-generic"/>
    <property name="user.home" value="/home/mm"/>
    <property name="user.timezone" value="Asia/Shanghai"/>
    <property name="java.awt.printerjob" value="sun.print.PSPrinterJob"/>
    <property name="file.encoding" value="UTF-8"/>
    <property name="java.specification.version" value="1.6"/>
    <property name="user.name" value="mm"/>
    <property name="java.class.path" value="/home/mm/Workspaces/sts_workspace/lsqt/target/test-classes:/home/mm/Workspaces/sts_workspace/lsqt/target/classes:/home/mm/.m2/repository/org/apache/velocity/velocity/1.7/velocity-1.7.jar:/home/mm/.m2/repository/commons-collections/commons-collections/3.2.1/commons-collections-3.2.1.jar:/home/mm/.m2/repository/velocity-tools/velocity-tools/1.4/velocity-tools-1.4.jar:/home/mm/.m2/repository/opensymphony/oscache/2.4.1/oscache-2.4.1.jar:/home/mm/.m2/repository/commons-logging/commons-logging/1.1/commons-logging-1.1.jar:/home/mm/.m2/repository/logkit/logkit/1.0.1/logkit-1.0.1.jar:/home/mm/.m2/repository/avalon-framework/avalon-framework/4.1.3/avalon-framework-4.1.3.jar:/home/mm/.m2/repository/javax/jms/jms/1.1/jms-1.1.jar:/home/mm/.m2/repository/javax/servlet/servlet-api/2.3/servlet-api-2.3.jar:/home/mm/.m2/repository/org/springframework/spring-core/3.0.3.RELEASE/spring-core-3.0.3.RELEASE.jar:/home/mm/.m2/repository/org/springframework/spring-beans/3.0.3.RELEASE/spring-beans-3.0.3.RELEASE.jar:/home/mm/.m2/repository/org/springframework/spring-context/3.0.3.RELEASE/spring-context-3.0.3.RELEASE.jar:/home/mm/.m2/repository/org/springframework/spring-aop/3.0.3.RELEASE/spring-aop-3.0.3.RELEASE.jar:/home/mm/.m2/repository/org/springframework/spring-expression/3.0.3.RELEASE/spring-expression-3.0.3.RELEASE.jar:/home/mm/.m2/repository/org/springframework/spring-context-support/3.0.3.RELEASE/spring-context-support-3.0.3.RELEASE.jar:/home/mm/.m2/repository/org/springframework/spring-orm/3.0.3.RELEASE/spring-orm-3.0.3.RELEASE.jar:/home/mm/.m2/repository/org/springframework/spring-jdbc/3.0.3.RELEASE/spring-jdbc-3.0.3.RELEASE.jar:/home/mm/.m2/repository/org/springframework/spring-tx/3.0.3.RELEASE/spring-tx-3.0.3.RELEASE.jar:/home/mm/.m2/repository/org/springframework/spring-web/3.0.3.RELEASE/spring-web-3.0.3.RELEASE.jar:/home/mm/.m2/repository/aopalliance/aopalliance/1.0/aopalliance-1.0.jar:/home/mm/.m2/repository/org/springframework/spring-webmvc/3.0.3.RELEASE/spring-webmvc-3.0.3.RELEASE.jar:/home/mm/.m2/repository/org/springframework/spring-asm/3.0.3.RELEASE/spring-asm-3.0.3.RELEASE.jar:/home/mm/.m2/repository/org/hibernate/hibernate-core/3.3.2.GA/hibernate-core-3.3.2.GA.jar:/home/mm/.m2/repository/antlr/antlr/2.7.6/antlr-2.7.6.jar:/home/mm/.m2/repository/dom4j/dom4j/1.6.1/dom4j-1.6.1.jar:/home/mm/.m2/repository/xml-apis/xml-apis/1.0.b2/xml-apis-1.0.b2.jar:/home/mm/.m2/repository/javax/transaction/jta/1.1/jta-1.1.jar:/home/mm/.m2/repository/org/hibernate/hibernate-annotations/3.4.0.GA/hibernate-annotations-3.4.0.GA.jar:/home/mm/.m2/repository/org/hibernate/hibernate-commons-annotations/3.1.0.GA/hibernate-commons-annotations-3.1.0.GA.jar:/home/mm/.m2/repository/org/hibernate/ejb3-persistence/1.0.2.GA/ejb3-persistence-1.0.2.GA.jar:/home/mm/.m2/repository/commons-dbutils/commons-dbutils/1.4/commons-dbutils-1.4.jar:/home/mm/.m2/repository/org/apache/wicket/wicket-core/1.5.5/wicket-core-1.5.5.jar:/home/mm/.m2/repository/org/apache/wicket/wicket-util/1.5.5/wicket-util-1.5.5.jar:/home/mm/.m2/repository/org/apache/wicket/wicket-request/1.5.5/wicket-request-1.5.5.jar:/home/mm/.m2/repository/org/apache/wicket/wicket-spring/1.5.5/wicket-spring-1.5.5.jar:/home/mm/.m2/repository/org/apache/wicket/wicket-ioc/1.5.5/wicket-ioc-1.5.5.jar:/home/mm/.m2/repository/cglib/cglib/2.2/cglib-2.2.jar:/home/mm/.m2/repository/asm/asm/3.1/asm-3.1.jar:/home/mm/.m2/repository/org/apache/wicket/wicket-extensions/1.5.5/wicket-extensions-1.5.5.jar:/home/mm/.m2/repository/org/apache/wicket/wicket-datetime/1.5.3/wicket-datetime-1.5.3.jar:/home/mm/.m2/repository/joda-time/joda-time/1.6.2/joda-time-1.6.2.jar:/home/mm/.m2/repository/c3p0/c3p0/0.9.1.2/c3p0-0.9.1.2.jar:/home/mm/.m2/repository/commons-beanutils/commons-beanutils/1.7.0/commons-beanutils-1.7.0.jar:/home/mm/.m2/repository/commons-lang/commons-lang/2.6/commons-lang-2.6.jar:/home/mm/.m2/repository/commons-fileupload/commons-fileupload/1.2.1/commons-fileupload-1.2.1.jar:/home/mm/.m2/repository/org/slf4j/slf4j-log4j12/1.6.2/slf4j-log4j12-1.6.2.jar:/home/mm/.m2/repository/log4j/log4j/1.2.16/log4j-1.2.16.jar:/home/mm/.m2/repository/org/slf4j/slf4j-api/1.6.4/slf4j-api-1.6.4.jar:/home/mm/.m2/repository/javassist/javassist/3.4.GA/javassist-3.4.GA.jar:/home/mm/.m2/repository/mysql/mysql-connector-java/5.1.18/mysql-connector-java-5.1.18.jar:/home/mm/.m2/repository/org/hsqldb/hsqldb/2.2.4/hsqldb-2.2.4.jar:/home/mm/.m2/repository/junit/junit/4.8/junit-4.8.jar:/home/mm/.m2/repository/org/easymock/easymock/2.0/easymock-2.0.jar:/home/mm/.m2/repository/com/hirisun/components/components-dao/0.0.1-SNAPSHOT/components-dao-0.0.1-SNAPSHOT.jar:/home/mm/.m2/repository/log4j/apache-log4j-extras/1.1/apache-log4j-extras-1.1.jar:"/>
    <property name="java.vm.specification.version" value="1.0"/>
    <property name="sun.arch.data.model" value="32"/>
    <property name="java.home" value="/home/mm/soft/jdk1.6.0_29/jre"/>
    <property name="sun.java.command" value="/home/mm/Workspaces/sts_workspace/lsqt/target/surefire/surefirebooter4016267215463624205.jar /home/mm/Workspaces/sts_workspace/lsqt/target/surefire/surefire402794049543382213tmp /home/mm/Workspaces/sts_workspace/lsqt/target/surefire/surefire6423821111311544445tmp"/>
    <property name="java.specification.vendor" value="Sun Microsystems Inc."/>
    <property name="user.language" value="zh"/>
    <property name="java.vm.info" value="mixed mode"/>
    <property name="java.version" value="1.6.0_29-ea"/>
    <property name="java.ext.dirs" value="/home/mm/soft/jdk1.6.0_29/jre/lib/ext:/usr/java/packages/lib/ext"/>
    <property name="sun.boot.class.path" value="/home/mm/soft/jdk1.6.0_29/jre/lib/resources.jar:/home/mm/soft/jdk1.6.0_29/jre/lib/rt.jar:/home/mm/soft/jdk1.6.0_29/jre/lib/sunrsasign.jar:/home/mm/soft/jdk1.6.0_29/jre/lib/jsse.jar:/home/mm/soft/jdk1.6.0_29/jre/lib/jce.jar:/home/mm/soft/jdk1.6.0_29/jre/lib/charsets.jar:/home/mm/soft/jdk1.6.0_29/jre/lib/modules/jdk.boot.jar:/home/mm/soft/jdk1.6.0_29/jre/classes"/>
    <property name="java.vendor" value="Sun Microsystems Inc."/>
    <property name="localRepository" value="/home/mm/.m2/repository"/>
    <property name="file.separator" value="/"/>
    <property name="java.vendor.url.bug" value="http://java.sun.com/cgi-bin/bugreport.cgi"/>
    <property name="sun.cpu.endian" value="little"/>
    <property name="sun.io.unicode.encoding" value="UnicodeLittle"/>
    <property name="sun.desktop" value="gnome"/>
    <property name="sun.cpu.isalist" value=""/>
  </properties>
  <testcase time="0.216" classname="com.hirisun.modules.resource.dao.StudentDaoTest" name="testBaseDao"/>
</testsuite>